2024-01-31T01:16:07+00:00 CRITICAL Uncaught TypeError: call_user_func_array(): Argument #1 ($callback) must be a valid callback, function "style.css" not found or invalid function name in C:\xampp\htdocs\wordpress\wp-includes\class-wp-hook.php:324
Stack trace:
#0 C:\xampp\htdocs\wordpress\wp-includes\class-wp-hook.php(348): WP_Hook->apply_filters(NULL, Array)
#1 C:\xampp\htdocs\wordpress\wp-includes\plugin.php(517): WP_Hook->do_action(Array)
#2 C:\xampp\htdocs\wordpress\wp-includes\script-loader.php(2262): do_action('wp_enqueue_scri...')
#3 C:\xampp\htdocs\wordpress\wp-includes\class-wp-hook.php(324): wp_enqueue_scripts('')
#4 C:\xampp\htdocs\wordpress\wp-includes\class-wp-hook.php(348): WP_Hook->apply_filters(NULL, Array)
#5 C:\xampp\htdocs\wordpress\wp-includes\plugin.php(517): WP_Hook->do_action(Array)
#6 C:\xampp\htdocs\wordpress\wp-includes\general-template.php(3052): do_action('wp_head')
#7 C:\xampp\htdocs\wordpress\wp-content\themes\astra\header.php(31): wp_head()
#8 C:\xampp\htdocs\wordpress\wp-includes\template.php(790): require_once('C:\\xampp\\htdocs...')
#9 C:\xampp\htdocs\wordpress\wp-includes\template.php(725): load_template('C:\\xampp\\htdocs...', true, Array)
#10 C:\xampp\htdocs\wordpress\wp-includes\general-template.php(48): locate_template(Array, true, true, Array)
#11 C:\xampp\htdocs\wordpress\wp-content\themes\astra\page.php(20): get_header()
#12 C:\xampp\htdocs\wordpress\wp-includes\template-loader.php(106): include('C:\\xampp\\htdocs...')
#13 C:\xampp\htdocs\wordpress\wp-blog-header.php(19): require_once('C:\\xampp\\htdocs...')
#14 C:\xampp\htdocs\wordpress\index.php(17): require('C:\\xampp\\htdocs...')
#15 {main}
  thrown dans C:\xampp\htdocs\wordpress\wp-includes\class-wp-hook.php à la ligne 324

2024-01-31T17:43:29+00:00 CRITICAL syntax error, unexpected token ")" dans C:\xampp\htdocs\wordpress\wp-content\themes\astrachild\functions.php à la ligne 9

2024-01-31T17:44:34+00:00 CRITICAL syntax error, unexpected double-quoted string ")", expecting ")" dans C:\xampp\htdocs\wordpress\wp-content\themes\astrachild\functions.php à la ligne 9

