[Sun Feb 11 17:51:51.747739 2024] [fcgid:warn] [pid 6848:tid 1276] (OS 109)Le canal de communication a été fermé.  : [client ::1:51784] mod_fcgid: get overlap result error, referer: http://localhost:10029/wp-admin/admin.php?page=WPvivid
[Sun Feb 11 17:51:51.747739 2024] [core:error] [pid 6848:tid 1276] [client ::1:51784] End of script output before headers: admin-ajax.php, referer: http://localhost:10029/wp-admin/admin.php?page=WPvivid
[Sun Feb 11 19:57:50.760852 2024] [fcgid:warn] [pid 20024:tid 1272] [client ::1:54307] mod_fcgid: read timeout from pipe, referer: http://localhost:10029/wp-admin/admin.php?page=WPvivid
[Sun Feb 11 19:57:50.760852 2024] [core:error] [pid 20024:tid 1272] [client ::1:54307] End of script output before headers: admin-ajax.php, referer: http://localhost:10029/wp-admin/admin.php?page=WPvivid
[Sun Feb 11 23:42:17.622753 2024] [fcgid:warn] [pid 20024:tid 1272] [client ::1:63096] mod_fcgid: read timeout from pipe, referer: http://localhost:10029/wp-admin/admin.php?page=WPvivid
[Sun Feb 11 23:42:17.622753 2024] [core:error] [pid 20024:tid 1272] [client ::1:63096] End of script output before headers: admin-ajax.php, referer: http://localhost:10029/wp-admin/admin.php?page=WPvivid
[Mon Feb 12 00:07:45.963182 2024] [fcgid:warn] [pid 20024:tid 1264] [client ::1:49480] mod_fcgid: read timeout from pipe, referer: http://localhost:10029/wp-admin/admin.php?page=WPvivid
[Mon Feb 12 00:07:45.963182 2024] [core:error] [pid 20024:tid 1264] [client ::1:49480] End of script output before headers: admin-ajax.php, referer: http://localhost:10029/wp-admin/admin.php?page=WPvivid
[Mon Feb 12 17:34:42.795171 2024] [fcgid:warn] [pid 13976:tid 1328] [client ::1:52590] mod_fcgid: read timeout from pipe, referer: http://localhost:10029/wp-admin/admin.php?page=WPvivid
[Mon Feb 12 17:34:42.795171 2024] [core:error] [pid 13976:tid 1328] [client ::1:52590] End of script output before headers: admin-ajax.php, referer: http://localhost:10029/wp-admin/admin.php?page=WPvivid
[Mon Feb 12 17:36:09.181064 2024] [fcgid:warn] [pid 13976:tid 1300] [client ::1:52759] mod_fcgid: read timeout from pipe, referer: http://localhost:10029/wp-admin/admin.php?page=WPvivid
[Mon Feb 12 17:36:09.181064 2024] [core:error] [pid 13976:tid 1300] [client ::1:52759] End of script output before headers: admin-ajax.php, referer: http://localhost:10029/wp-admin/admin.php?page=WPvivid
[Mon Feb 12 21:51:46.337406 2024] [fcgid:warn] [pid 13976:tid 1320] [client ::1:62440] mod_fcgid: read timeout from pipe, referer: http://localhost:10029/wp-admin/admin.php?page=WPvivid
[Mon Feb 12 21:51:46.337406 2024] [core:error] [pid 13976:tid 1320] [client ::1:62440] End of script output before headers: admin-ajax.php, referer: http://localhost:10029/wp-admin/admin.php?page=WPvivid
[Mon Feb 12 22:19:54.973742 2024] [fcgid:warn] [pid 13976:tid 1336] [client ::1:65159] mod_fcgid: read timeout from pipe, referer: http://localhost:10029/wp-admin/admin.php?page=WPvivid
[Mon Feb 12 22:19:54.973742 2024] [core:error] [pid 13976:tid 1336] [client ::1:65159] End of script output before headers: admin-ajax.php, referer: http://localhost:10029/wp-admin/admin.php?page=WPvivid
[Tue Feb 13 01:15:50.646640 2024] [fcgid:warn] [pid 13976:tid 1320] [client ::1:50887] mod_fcgid: read timeout from pipe, referer: http://localhost:10029/wp-admin/admin.php?page=WPvivid
[Tue Feb 13 01:15:50.646640 2024] [core:error] [pid 13976:tid 1320] [client ::1:50887] End of script output before headers: admin-ajax.php, referer: http://localhost:10029/wp-admin/admin.php?page=WPvivid
[Tue Feb 13 14:35:47.749202 2024] [fcgid:warn] [pid 6328:tid 1300] [client ::1:49688] mod_fcgid: read timeout from pipe, referer: http://localhost:10029/wp-admin/admin.php?page=WPvivid
[Tue Feb 13 14:35:47.749202 2024] [core:error] [pid 6328:tid 1300] [client ::1:49688] End of script output before headers: admin-ajax.php, referer: http://localhost:10029/wp-admin/admin.php?page=WPvivid
[Wed Feb 14 00:05:32.874271 2024] [fcgid:warn] [pid 6328:tid 1320] [client ::1:51579] mod_fcgid: read timeout from pipe, referer: http://localhost:10029/wp-admin/admin.php?page=WPvivid
[Wed Feb 14 00:05:32.874271 2024] [core:error] [pid 6328:tid 1320] [client ::1:51579] End of script output before headers: admin-ajax.php, referer: http://localhost:10029/wp-admin/admin.php?page=WPvivid
[Wed Feb 14 18:09:25.436332 2024] [fcgid:warn] [pid 8264:tid 1304] [client ::1:56848] mod_fcgid: read timeout from pipe, referer: http://localhost:10029/wp-admin/admin.php?page=WPvivid
[Wed Feb 14 18:09:25.436332 2024] [core:error] [pid 8264:tid 1304] [client ::1:56848] End of script output before headers: admin-ajax.php, referer: http://localhost:10029/wp-admin/admin.php?page=WPvivid
